# Extended profile report

## Completion

| stage | status | finished_at |
| --- | --- | --- |
| stage_00 | completed | 2026-03-08T21:24:35Z |
| stage_01 | completed | 2026-03-08T21:24:50Z |
| stage_02 | completed | 2026-03-08T21:24:59Z |
| stage_03 | completed | 2026-03-08T21:25:11Z |
| stage_04 | completed | 2026-03-08T21:40:34Z |
| stage_05 | completed | 2026-03-08T21:44:02Z |
| stage_06 | completed | 2026-03-08T21:51:04Z |
| stage_07 | completed | 2026-03-08T21:52:59Z |

## Key results

- Observer state RMSE: `0.2724647768882866`
- Observer mode F1: `0.3600748299709807`
- Axes below 0.9 RMSE: `8`
- HDR nominal gain vs open-loop: `-6.719425972665871`
- HDR nominal gain vs pooled LQR: `-10.083724561447085`
- Gaussian calibration absolute error: `0.014453124999999997`
- Mode-error slope / R²: `2.039879551048668e-16` / `1.0`
- Target-drift slope / R²: `0.019517179988686194` / `0.9709213937512192`
- Mode B hybrid escape gain: `0.0`
- Mode B false-positive rate: `1.0`
- Reduced-chain absolute gap: `0.10052230782514282`
- Coherence effect label: `harms`
- Integrated time-in-band gain: `0.013031005859375`
- Robustness best / worst gain: `0.8901438857443379` / `-75.924686526395`
- Oracle optimism gap: `-0.4075436546886533`

## Extended-specific notes

- Stage 04 was intentionally run as a documented deep-dive subset rather than a full duplicate of the Standard grid.
- Selected scenarios: `['nominal', 'model_mismatch']`
- Selected policies: `['open_loop', 'pooled_lqr', 'basin_lqr', 'hdr_main']`


## Interpretation

- This profile is **in silico only**.
- The generated evidence is intentionally non-oracle and includes model mismatch, missingness, delays, and robustness sweeps.
- Negative or brittle findings are preserved rather than filtered out.

