# Validation report

## Completion

| stage | profile | status |
| --- | --- | --- |
| stage_00 | smoke | completed |
| stage_01 | smoke | completed |
| stage_02 | smoke | completed |
| stage_03 | smoke | completed |
| stage_04 | smoke | completed |
| stage_05 | smoke | completed |
| stage_06 | smoke | completed |
| stage_07 | smoke | completed |
| stage_00 | standard | completed |
| stage_01 | standard | completed |
| stage_02 | standard | completed |
| stage_03 | standard | completed |
| stage_04 | standard | completed |
| stage_05 | standard | completed |
| stage_06 | standard | completed |
| stage_07 | standard | completed |
| stage_00 | extended | completed |
| stage_01 | extended | completed |
| stage_02 | extended | completed |
| stage_03 | extended | completed |
| stage_04 | extended | completed |
| stage_05 | extended | completed |
| stage_06 | extended | completed |
| stage_07 | extended | completed |

## Headline findings

- Standard-profile non-oracle observer performance: state RMSE = 0.27879168722386777, mode F1 = 0.47477125753779664, axes below 0.9 RMSE = 8.
- Standard-profile Mode A nominal gain vs open-loop = -8.409669068259522, vs pooled LQR = -4.7881339639446185, safety delta vs pooled = -0.016357421875.
- Mode B reduced-chain gap = 0.10052230782514282, hybrid escape gain = 0.0, hybrid safety delta = 0.0020751953125.
- Coherence integrated time-in-band gain = -0.018798828125 with qualitative effect `neutral`.
- Robustness negative-control oracle optimism gap = 0.9965698524453173.

## Approximations and skips

- Online projection and controller use conservative box-surrogate target geometry because `cvxpy/osqp` are unavailable.
- Delay-LMI screen is marked as skipped because no suitable LMI solver is available in the environment.
- Optional variational SLDS/HSMM path is skipped by design and does not block the required backbone.

## Claim summary

| claim | label | evidence |
| --- | --- | --- |
| non-oracle state/mode inference is adequate for control | Not supported | gain=-4.7881339639446185, axes<0.9=8, F1=0.47477125753779664 |
| Mode A improves over simple baselines without increasing safety violations | Not supported | gain_open=-8.409669068259522, gain_pooled=-4.7881339639446185, safety_delta=-0.016357421875 |
| tau_tilde tracks or ranks true recovery burden sufficiently | Supported | spearman=0.9415962482706238 |
| chance-constraint tightening is empirically calibrated in Gaussian settings | Not supported | abs_error=0.087109375, heavy_tail_degradation=-0.03671875000000001 |
| practical stability under mode error is numerically consistent with sqrt(mu)-type degradation | Not supported | slope=1.0384679277751484e-15, R2=1.0 |
| practical stability under drifting S*(t) is numerically consistent with linear-in-drift degradation | Supported | slope=0.013866237561498393, R2=0.9362647582680822 |
| Mode B heuristic improves escape versus conservative baselines | Not supported | escape_gain=0.0, safety_delta=0.0020751953125 |
| Mode B remains acceptably close to exact DP on reduced discrete problems | Not supported | abs_gap=0.10052230782514282, time_gap_h6=0.20000000000000018 |
| coherence penalty behaves as designed | Partially supported | time_gain=-0.018798828125, effect=neutral |
| identifiability improves with perturbations, priors, and dither | Partially supported | priors=0.3137441926867769, dither=-1.0360439044967045, perturb=-0.4272612112843699 |
