# Results index

## Deliverable zips

| zip |
| --- |
| deliverables/all_deliverables_and_stage_zips.zip |
| deliverables/hdr_validation_docs.zip |
| deliverables/hdr_validation_extended_bundle.zip |
| deliverables/hdr_validation_extended_results_flat.zip |
| deliverables/hdr_validation_python_source.zip |
| deliverables/hdr_validation_results.zip |
| deliverables/hdr_validation_standard_bundle.zip |
| deliverables/hdr_validation_standard_results_flat.zip |
| deliverables/stages/stage_00_docs.zip |
| deliverables/stages/stage_00_results.zip |
| deliverables/stages/stage_00_source.zip |
| deliverables/stages/stage_01_docs.zip |
| deliverables/stages/stage_01_results.zip |
| deliverables/stages/stage_01_source.zip |
| deliverables/stages/stage_02_docs.zip |
| deliverables/stages/stage_02_results.zip |
| deliverables/stages/stage_02_source.zip |
| deliverables/stages/stage_03_docs.zip |
| deliverables/stages/stage_03_results.zip |
| deliverables/stages/stage_03_source.zip |
| deliverables/stages/stage_04_docs.zip |
| deliverables/stages/stage_04_results.zip |
| deliverables/stages/stage_04_source.zip |
| deliverables/stages/stage_05_docs.zip |
| deliverables/stages/stage_05_results.zip |
| deliverables/stages/stage_05_source.zip |
| deliverables/stages/stage_06_docs.zip |
| deliverables/stages/stage_06_results.zip |
| deliverables/stages/stage_06_source.zip |
| deliverables/stages/stage_07_docs.zip |
| deliverables/stages/stage_07_results.zip |
| deliverables/stages/stage_07_source.zip |

## Stage summaries

| stage_summary |
| --- |
| results/stage_01/extended/stage_summary.json |
| results/stage_01/smoke/stage_summary.json |
| results/stage_01/standard/stage_summary.json |
| results/stage_02/extended/stage_summary.json |
| results/stage_02/smoke/stage_summary.json |
| results/stage_02/standard/stage_summary.json |
| results/stage_03/extended/stage_summary.json |
| results/stage_03/smoke/stage_summary.json |
| results/stage_03/standard/stage_summary.json |
| results/stage_04/extended/stage_summary.json |
| results/stage_04/smoke/stage_summary.json |
| results/stage_04/standard/stage_summary.json |
| results/stage_05/extended/stage_summary.json |
| results/stage_05/smoke/stage_summary.json |
| results/stage_05/standard/stage_summary.json |
| results/stage_06/extended/stage_summary.json |
| results/stage_06/smoke/stage_summary.json |
| results/stage_06/standard/stage_summary.json |
| results/stage_07/extended/stage_summary.json |
| results/stage_07/smoke/stage_summary.json |
| results/stage_07/standard/stage_summary.json |