# Validation plan

## Stage 00
Bootstrap environment, detect package availability, initialize manifest, write specification and assumptions docs, and package stage archives.

## Stage 01
Mathematical and component checks:
- target-set construction and fallback
- projection diagnostics
- recovery surrogate and Lyapunov comparison
- coherence penalty checks
- committor and DP correctness
- HSMM hazard and dwell sampling
- chance-constraint tightening
- DARE terminal ingredients

## Stage 02
Synthetic dataset creation:
- train / validation / test datasets
- identification-focused and challenge-library episodes
- compressed data + manifests + generator diagnostics

## Stage 03
Observer and identification validation:
- IMM + Kalman + HSMM
- local EM-style `C_k`, `R_k` updates
- weighted regressions for selected dynamics parameters
- identifiability sweeps over data length, priors, perturbations, dither, near-unit-root sensitivity

## Stage 04
Non-oracle Mode A closed-loop validation:
- nominal and mismatched runs
- missingness / heteroskedasticity / delayed-control / target-drift scenarios
- baseline comparisons and ablations
- practical-stability sweeps and chance-calibration study

## Stage 05
Mode B validation:
- exact reduced discrete MDP reference
- heuristic supervisor comparison
- hybrid continuous/discrete supervisor evaluation with false positives / negatives and fallback analysis

## Stage 06
Coherence / coupling validation:
- standalone under-coupled, in-band, over-coupled tests
- integrated closed-loop tests with and without coherence regularization

## Stage 07
Robustness, falsification, phase maps:
- structured sweeps over noise, missingness, delay, mismatch, K, H, spectral radius, coupling pattern, burden budget, pA/qmin, alpha_i
- negative-control oracle / inverse-crime optimism gap
